<?xml version="1.0" encoding="UTF-8"?>
<!-- Generated by org.testng.reporters.JUnitReportReporter -->
<testsuite hostname="DESKTOP-7O6QIK2" failures="0" tests="1" name="org.projectsHyr.BasicAuthenicate" time="25.705" errors="0" timestamp="2022-07-01T10:04:55 IST" skipped="0">
  <testcase classname="org.projectsHyr.BasicAuthenicate" name="uploadFile" time="25.705"/>
  <system-out/>
</testsuite> <!-- org.projectsHyr.BasicAuthenicate -->
