<?xml version="1.0" encoding="UTF-8"?>
<!-- Generated by org.testng.reporters.JUnitReportReporter -->
<testsuite hostname="DESKTOP-7O6QIK2" failures="0" tests="1" name="org.projectsHyr.WorkingWithTestNG" time="0.009" errors="0" timestamp="2022-06-19T18:33:06 IST" skipped="0">
  <testcase classname="org.projectsHyr.WorkingWithTestNG" name="openingChrome" time="0.009"/>
  <system-out/>
</testsuite> <!-- org.projectsHyr.WorkingWithTestNG -->
