<?xml version="1.0" encoding="UTF-8"?>
<!-- Generated by org.testng.reporters.JUnitReportReporter -->
<testsuite hostname="DESKTOP-7O6QIK2" failures="0" tests="1" name="org.projectsHyr.WorkingWithTestNG" time="6.090" errors="0" timestamp="2022-05-21T22:59:40 IST" skipped="0">
  <testcase classname="org.projectsHyr.WorkingWithTestNG" name="openingChrome" time="6.090"/>
  <system-out/>
</testsuite> <!-- org.projectsHyr.WorkingWithTestNG -->
